<?xml version="1.0" encoding="UTF-8"?>
<testsuites name="jest tests" tests="6" failures="0" errors="0" time="6.669">
  <testsuite name="undefined" errors="0" failures="0" skipped="0" timestamp="2021-08-14T10:15:35" time="6.366" tests="6">
    <testcase classname=" should not throw 404 while calling signup endpoint" name=" should not throw 404 while calling signup endpoint" time="0.084">
    </testcase>
    <testcase classname=" should throw 400 when name is absent" name=" should throw 400 when name is absent" time="0.041">
    </testcase>
    <testcase classname=" should throw 400 when email is absent" name=" should throw 400 when email is absent" time="0.009">
    </testcase>
    <testcase classname=" should throw 400 when pass is absent" name=" should throw 400 when pass is absent" time="0.011">
    </testcase>
    <testcase classname=" should throw 400 when user already exist" name=" should throw 400 when user already exist" time="0.055">
    </testcase>
    <testcase classname=" should throw 201 when user created successfully" name=" should throw 201 when user created successfully" time="0.025">
    </testcase>
  </testsuite>
</testsuites>